2020-09-16 16:27:53,570 DEBUG    root            Loaded Command Group: ['gcloud', 'components']
2020-09-16 16:27:53,575 DEBUG    root            Loaded Command Group: ['gcloud', 'components', 'update']
2020-09-16 16:27:53,578 DEBUG    root            Running [gcloud.components.update] with arguments: [--allow-no-backup: "True", --quiet: "True", COMPONENT-IDS:6: "['core', 'gcloud-deps', 'bq', 'gcloud', 'gsutil', 'anthoscli']"]
2020-09-16 16:28:05,730 INFO     ___FILE_ONLY___ 

2020-09-16 16:28:05,731 INFO     ___FILE_ONLY___ 
Your current Cloud SDK version is: 310.0.0

2020-09-16 16:28:05,731 INFO     ___FILE_ONLY___ Installing components from version: 310.0.0

2020-09-16 16:28:05,731 INFO     ___FILE_ONLY___ 

2020-09-16 16:28:05,741 INFO     ___FILE_ONLY___ ┌─────────────────────────────────────────────────────────────────────────────┐
2020-09-16 16:28:05,741 INFO     ___FILE_ONLY___ 

2020-09-16 16:28:05,741 INFO     ___FILE_ONLY___ │                     These components will be installed.                     │
2020-09-16 16:28:05,742 INFO     ___FILE_ONLY___ 

2020-09-16 16:28:05,742 INFO     ___FILE_ONLY___ ├─────────────────────────────────────────────────────┬────────────┬──────────┤
2020-09-16 16:28:05,742 INFO     ___FILE_ONLY___ 

2020-09-16 16:28:05,742 INFO     ___FILE_ONLY___ │                         Name                        │  Version   │   Size   │
2020-09-16 16:28:05,742 INFO     ___FILE_ONLY___ 

2020-09-16 16:28:05,742 INFO     ___FILE_ONLY___ ├─────────────────────────────────────────────────────┼────────────┼──────────┤
2020-09-16 16:28:05,742 INFO     ___FILE_ONLY___ 

2020-09-16 16:28:05,742 INFO     ___FILE_ONLY___ │ 
2020-09-16 16:28:05,742 INFO     ___FILE_ONLY___ BigQuery Command Line Tool                         
2020-09-16 16:28:05,742 INFO     ___FILE_ONLY___  
2020-09-16 16:28:05,742 INFO     ___FILE_ONLY___ │ 
2020-09-16 16:28:05,742 INFO     ___FILE_ONLY___     2.0.60
2020-09-16 16:28:05,743 INFO     ___FILE_ONLY___  
2020-09-16 16:28:05,743 INFO     ___FILE_ONLY___ │ 
2020-09-16 16:28:05,743 INFO     ___FILE_ONLY___  < 1 MiB
2020-09-16 16:28:05,743 INFO     ___FILE_ONLY___  
2020-09-16 16:28:05,743 INFO     ___FILE_ONLY___ │
2020-09-16 16:28:05,743 INFO     ___FILE_ONLY___ 

2020-09-16 16:28:05,743 INFO     ___FILE_ONLY___ │ 
2020-09-16 16:28:05,743 INFO     ___FILE_ONLY___ BigQuery Command Line Tool (Platform Specific)     
2020-09-16 16:28:05,743 INFO     ___FILE_ONLY___  
2020-09-16 16:28:05,743 INFO     ___FILE_ONLY___ │ 
2020-09-16 16:28:05,743 INFO     ___FILE_ONLY___     2.0.58
2020-09-16 16:28:05,743 INFO     ___FILE_ONLY___  
2020-09-16 16:28:05,743 INFO     ___FILE_ONLY___ │ 
2020-09-16 16:28:05,744 INFO     ___FILE_ONLY___  < 1 MiB
2020-09-16 16:28:05,744 INFO     ___FILE_ONLY___  
2020-09-16 16:28:05,744 INFO     ___FILE_ONLY___ │
2020-09-16 16:28:05,744 INFO     ___FILE_ONLY___ 

2020-09-16 16:28:05,744 INFO     ___FILE_ONLY___ │ 
2020-09-16 16:28:05,744 INFO     ___FILE_ONLY___ Cloud SDK Core Libraries (Platform Specific)       
2020-09-16 16:28:05,744 INFO     ___FILE_ONLY___  
2020-09-16 16:28:05,744 INFO     ___FILE_ONLY___ │ 
2020-09-16 16:28:05,744 INFO     ___FILE_ONLY___ 2020.07.10
2020-09-16 16:28:05,744 INFO     ___FILE_ONLY___  
2020-09-16 16:28:05,744 INFO     ___FILE_ONLY___ │ 
2020-09-16 16:28:05,744 INFO     ___FILE_ONLY___  < 1 MiB
2020-09-16 16:28:05,745 INFO     ___FILE_ONLY___  
2020-09-16 16:28:05,745 INFO     ___FILE_ONLY___ │
2020-09-16 16:28:05,745 INFO     ___FILE_ONLY___ 

2020-09-16 16:28:05,745 INFO     ___FILE_ONLY___ │ 
2020-09-16 16:28:05,745 INFO     ___FILE_ONLY___ Cloud Storage Command Line Tool                    
2020-09-16 16:28:05,745 INFO     ___FILE_ONLY___  
2020-09-16 16:28:05,745 INFO     ___FILE_ONLY___ │ 
2020-09-16 16:28:05,745 INFO     ___FILE_ONLY___       4.53
2020-09-16 16:28:05,745 INFO     ___FILE_ONLY___  
2020-09-16 16:28:05,745 INFO     ___FILE_ONLY___ │ 
2020-09-16 16:28:05,745 INFO     ___FILE_ONLY___  3.5 MiB
2020-09-16 16:28:05,745 INFO     ___FILE_ONLY___  
2020-09-16 16:28:05,746 INFO     ___FILE_ONLY___ │
2020-09-16 16:28:05,746 INFO     ___FILE_ONLY___ 

2020-09-16 16:28:05,746 INFO     ___FILE_ONLY___ │ 
2020-09-16 16:28:05,746 INFO     ___FILE_ONLY___ Cloud Storage Command Line Tool (Platform Specific)
2020-09-16 16:28:05,746 INFO     ___FILE_ONLY___  
2020-09-16 16:28:05,746 INFO     ___FILE_ONLY___ │ 
2020-09-16 16:28:05,746 INFO     ___FILE_ONLY___       4.51
2020-09-16 16:28:05,746 INFO     ___FILE_ONLY___  
2020-09-16 16:28:05,746 INFO     ___FILE_ONLY___ │ 
2020-09-16 16:28:05,746 INFO     ___FILE_ONLY___  < 1 MiB
2020-09-16 16:28:05,746 INFO     ___FILE_ONLY___  
2020-09-16 16:28:05,746 INFO     ___FILE_ONLY___ │
2020-09-16 16:28:05,747 INFO     ___FILE_ONLY___ 

2020-09-16 16:28:05,747 INFO     ___FILE_ONLY___ │ 
2020-09-16 16:28:05,747 INFO     ___FILE_ONLY___ Default set of gcloud commands                     
2020-09-16 16:28:05,747 INFO     ___FILE_ONLY___  
2020-09-16 16:28:05,747 INFO     ___FILE_ONLY___ │ 
2020-09-16 16:28:05,747 INFO     ___FILE_ONLY___           
2020-09-16 16:28:05,747 INFO     ___FILE_ONLY___  
2020-09-16 16:28:05,747 INFO     ___FILE_ONLY___ │ 
2020-09-16 16:28:05,747 INFO     ___FILE_ONLY___         
2020-09-16 16:28:05,747 INFO     ___FILE_ONLY___  
2020-09-16 16:28:05,747 INFO     ___FILE_ONLY___ │
2020-09-16 16:28:05,747 INFO     ___FILE_ONLY___ 

2020-09-16 16:28:05,747 INFO     ___FILE_ONLY___ │ 
2020-09-16 16:28:05,748 INFO     ___FILE_ONLY___ anthoscli                                          
2020-09-16 16:28:05,748 INFO     ___FILE_ONLY___  
2020-09-16 16:28:05,748 INFO     ___FILE_ONLY___ │ 
2020-09-16 16:28:05,748 INFO     ___FILE_ONLY___      0.2.7
2020-09-16 16:28:05,748 INFO     ___FILE_ONLY___  
2020-09-16 16:28:05,748 INFO     ___FILE_ONLY___ │ 
2020-09-16 16:28:05,748 INFO     ___FILE_ONLY___ 51.7 MiB
2020-09-16 16:28:05,748 INFO     ___FILE_ONLY___  
2020-09-16 16:28:05,748 INFO     ___FILE_ONLY___ │
2020-09-16 16:28:05,748 INFO     ___FILE_ONLY___ 

2020-09-16 16:28:05,748 INFO     ___FILE_ONLY___ │ 
2020-09-16 16:28:05,748 INFO     ___FILE_ONLY___ anthoscli                                          
2020-09-16 16:28:05,749 INFO     ___FILE_ONLY___  
2020-09-16 16:28:05,749 INFO     ___FILE_ONLY___ │ 
2020-09-16 16:28:05,749 INFO     ___FILE_ONLY___      0.2.7
2020-09-16 16:28:05,749 INFO     ___FILE_ONLY___  
2020-09-16 16:28:05,749 INFO     ___FILE_ONLY___ │ 
2020-09-16 16:28:05,749 INFO     ___FILE_ONLY___         
2020-09-16 16:28:05,749 INFO     ___FILE_ONLY___  
2020-09-16 16:28:05,749 INFO     ___FILE_ONLY___ │
2020-09-16 16:28:05,749 INFO     ___FILE_ONLY___ 

2020-09-16 16:28:05,749 INFO     ___FILE_ONLY___ │ 
2020-09-16 16:28:05,749 INFO     ___FILE_ONLY___ gcloud cli dependencies                            
2020-09-16 16:28:05,749 INFO     ___FILE_ONLY___  
2020-09-16 16:28:05,750 INFO     ___FILE_ONLY___ │ 
2020-09-16 16:28:05,750 INFO     ___FILE_ONLY___ 2020.06.12
2020-09-16 16:28:05,750 INFO     ___FILE_ONLY___  
2020-09-16 16:28:05,750 INFO     ___FILE_ONLY___ │ 
2020-09-16 16:28:05,750 INFO     ___FILE_ONLY___  < 1 MiB
2020-09-16 16:28:05,750 INFO     ___FILE_ONLY___  
2020-09-16 16:28:05,750 INFO     ___FILE_ONLY___ │
2020-09-16 16:28:05,750 INFO     ___FILE_ONLY___ 

2020-09-16 16:28:05,750 INFO     ___FILE_ONLY___ └─────────────────────────────────────────────────────┴────────────┴──────────┘
2020-09-16 16:28:05,750 INFO     ___FILE_ONLY___ 

2020-09-16 16:28:05,750 INFO     ___FILE_ONLY___ 

2020-09-16 16:28:05,792 INFO     ___FILE_ONLY___ For the latest full release notes, please visit:
  https://cloud.google.com/sdk/release_notes


2020-09-16 16:28:05,797 INFO     ___FILE_ONLY___ ╔════════════════════════════════════════════════════════════╗

2020-09-16 16:28:05,798 INFO     ___FILE_ONLY___ ╠═ Creating update staging area                             ═╣

2020-09-16 16:28:05,798 INFO     ___FILE_ONLY___ ╚
2020-09-16 16:28:05,798 INFO     ___FILE_ONLY___ ══════
2020-09-16 16:28:05,798 INFO     ___FILE_ONLY___ ══════
2020-09-16 16:28:05,798 INFO     ___FILE_ONLY___ ══════
2020-09-16 16:28:06,017 INFO     ___FILE_ONLY___ ═
2020-09-16 16:28:06,053 INFO     ___FILE_ONLY___ ═
2020-09-16 16:28:06,092 INFO     ___FILE_ONLY___ ═
2020-09-16 16:28:06,130 INFO     ___FILE_ONLY___ ═
2020-09-16 16:28:06,171 INFO     ___FILE_ONLY___ ═
2020-09-16 16:28:06,213 INFO     ___FILE_ONLY___ ═
2020-09-16 16:28:06,266 INFO     ___FILE_ONLY___ ═
2020-09-16 16:28:06,312 INFO     ___FILE_ONLY___ ═
2020-09-16 16:28:06,344 INFO     ___FILE_ONLY___ ═
2020-09-16 16:28:06,385 INFO     ___FILE_ONLY___ ═
2020-09-16 16:28:06,423 INFO     ___FILE_ONLY___ ═
2020-09-16 16:28:06,471 INFO     ___FILE_ONLY___ ═
2020-09-16 16:28:06,560 INFO     ___FILE_ONLY___ ═
2020-09-16 16:28:06,598 INFO     ___FILE_ONLY___ ═
2020-09-16 16:28:06,635 INFO     ___FILE_ONLY___ ═
2020-09-16 16:28:06,677 INFO     ___FILE_ONLY___ ═
2020-09-16 16:28:06,715 INFO     ___FILE_ONLY___ ═
2020-09-16 16:28:06,751 INFO     ___FILE_ONLY___ ═
2020-09-16 16:28:06,798 INFO     ___FILE_ONLY___ ═
2020-09-16 16:28:06,853 INFO     ___FILE_ONLY___ ═
2020-09-16 16:28:06,889 INFO     ___FILE_ONLY___ ═
2020-09-16 16:28:06,941 INFO     ___FILE_ONLY___ ═
2020-09-16 16:28:06,973 INFO     ___FILE_ONLY___ ═
2020-09-16 16:28:07,015 INFO     ___FILE_ONLY___ ═
2020-09-16 16:28:07,046 INFO     ___FILE_ONLY___ ═
2020-09-16 16:28:07,070 INFO     ___FILE_ONLY___ ═
2020-09-16 16:28:07,107 INFO     ___FILE_ONLY___ ═
2020-09-16 16:28:07,150 INFO     ___FILE_ONLY___ ═
2020-09-16 16:28:07,240 INFO     ___FILE_ONLY___ ═
2020-09-16 16:28:07,289 INFO     ___FILE_ONLY___ ═
2020-09-16 16:28:07,337 INFO     ___FILE_ONLY___ ═
2020-09-16 16:28:07,433 INFO     ___FILE_ONLY___ ═
2020-09-16 16:28:07,570 INFO     ___FILE_ONLY___ ═
2020-09-16 16:28:07,625 INFO     ___FILE_ONLY___ ═
2020-09-16 16:28:07,655 INFO     ___FILE_ONLY___ ═
2020-09-16 16:28:07,675 INFO     ___FILE_ONLY___ ═
2020-09-16 16:28:07,697 INFO     ___FILE_ONLY___ ═
2020-09-16 16:28:07,717 INFO     ___FILE_ONLY___ ═
2020-09-16 16:28:07,736 INFO     ___FILE_ONLY___ ═
2020-09-16 16:28:07,756 INFO     ___FILE_ONLY___ ═
2020-09-16 16:28:07,775 INFO     ___FILE_ONLY___ ═
2020-09-16 16:28:07,795 INFO     ___FILE_ONLY___ ═
2020-09-16 16:28:07,795 INFO     ___FILE_ONLY___ ╝

2020-09-16 16:28:07,863 INFO     ___FILE_ONLY___ ╔════════════════════════════════════════════════════════════╗

2020-09-16 16:28:07,863 INFO     ___FILE_ONLY___ ╠═ Installing: BigQuery Command Line Tool                   ═╣

2020-09-16 16:28:07,863 INFO     ___FILE_ONLY___ ╚
2020-09-16 16:28:07,970 INFO     ___FILE_ONLY___ ═
2020-09-16 16:28:07,971 INFO     ___FILE_ONLY___ ═
2020-09-16 16:28:07,972 INFO     ___FILE_ONLY___ ═
2020-09-16 16:28:07,973 INFO     ___FILE_ONLY___ ═
2020-09-16 16:28:07,974 INFO     ___FILE_ONLY___ ═
2020-09-16 16:28:07,975 INFO     ___FILE_ONLY___ ═
2020-09-16 16:28:07,976 INFO     ___FILE_ONLY___ ═
2020-09-16 16:28:07,976 INFO     ___FILE_ONLY___ ═
2020-09-16 16:28:07,977 INFO     ___FILE_ONLY___ ═
2020-09-16 16:28:07,977 INFO     ___FILE_ONLY___ ═
2020-09-16 16:28:07,978 INFO     ___FILE_ONLY___ ═
2020-09-16 16:28:07,979 INFO     ___FILE_ONLY___ ═
2020-09-16 16:28:07,980 INFO     ___FILE_ONLY___ ═
2020-09-16 16:28:07,981 INFO     ___FILE_ONLY___ ═
2020-09-16 16:28:07,981 INFO     ___FILE_ONLY___ ═
2020-09-16 16:28:07,982 INFO     ___FILE_ONLY___ ═
2020-09-16 16:28:07,983 INFO     ___FILE_ONLY___ ═
2020-09-16 16:28:07,983 INFO     ___FILE_ONLY___ ═
2020-09-16 16:28:07,984 INFO     ___FILE_ONLY___ ═
2020-09-16 16:28:07,984 INFO     ___FILE_ONLY___ ═
2020-09-16 16:28:07,985 INFO     ___FILE_ONLY___ ═
2020-09-16 16:28:07,985 INFO     ___FILE_ONLY___ ═
2020-09-16 16:28:07,986 INFO     ___FILE_ONLY___ ═
2020-09-16 16:28:07,986 INFO     ___FILE_ONLY___ ═
2020-09-16 16:28:07,986 INFO     ___FILE_ONLY___ ═
2020-09-16 16:28:07,987 INFO     ___FILE_ONLY___ ═
2020-09-16 16:28:07,988 INFO     ___FILE_ONLY___ ═
2020-09-16 16:28:07,989 INFO     ___FILE_ONLY___ ═
2020-09-16 16:28:07,989 INFO     ___FILE_ONLY___ ═
2020-09-16 16:28:07,991 INFO     ___FILE_ONLY___ ═
2020-09-16 16:28:08,046 INFO     ___FILE_ONLY___ ═
2020-09-16 16:28:08,053 INFO     ___FILE_ONLY___ ═
2020-09-16 16:28:08,056 INFO     ___FILE_ONLY___ ═
2020-09-16 16:28:08,060 INFO     ___FILE_ONLY___ ═
2020-09-16 16:28:08,062 INFO     ___FILE_ONLY___ ═
2020-09-16 16:28:08,065 INFO     ___FILE_ONLY___ ═
2020-09-16 16:28:08,068 INFO     ___FILE_ONLY___ ═
2020-09-16 16:28:08,070 INFO     ___FILE_ONLY___ ═
2020-09-16 16:28:08,073 INFO     ___FILE_ONLY___ ═
2020-09-16 16:28:08,076 INFO     ___FILE_ONLY___ ═
2020-09-16 16:28:08,082 INFO     ___FILE_ONLY___ ═
2020-09-16 16:28:08,084 INFO     ___FILE_ONLY___ ═
2020-09-16 16:28:08,087 INFO     ___FILE_ONLY___ ═
2020-09-16 16:28:08,090 INFO     ___FILE_ONLY___ ═
2020-09-16 16:28:08,092 INFO     ___FILE_ONLY___ ═
2020-09-16 16:28:08,094 INFO     ___FILE_ONLY___ ═
2020-09-16 16:28:08,097 INFO     ___FILE_ONLY___ ═
2020-09-16 16:28:08,099 INFO     ___FILE_ONLY___ ═
2020-09-16 16:28:08,102 INFO     ___FILE_ONLY___ ═
2020-09-16 16:28:08,105 INFO     ___FILE_ONLY___ ═
2020-09-16 16:28:08,108 INFO     ___FILE_ONLY___ ═
2020-09-16 16:28:08,110 INFO     ___FILE_ONLY___ ═
2020-09-16 16:28:08,112 INFO     ___FILE_ONLY___ ═
2020-09-16 16:28:08,115 INFO     ___FILE_ONLY___ ═
2020-09-16 16:28:08,118 INFO     ___FILE_ONLY___ ═
2020-09-16 16:28:08,120 INFO     ___FILE_ONLY___ ═
2020-09-16 16:28:08,123 INFO     ___FILE_ONLY___ ═
2020-09-16 16:28:08,126 INFO     ___FILE_ONLY___ ═
2020-09-16 16:28:08,129 INFO     ___FILE_ONLY___ ═
2020-09-16 16:28:08,132 INFO     ___FILE_ONLY___ ═
2020-09-16 16:28:08,132 INFO     ___FILE_ONLY___ ╝

2020-09-16 16:28:08,146 INFO     ___FILE_ONLY___ ╔════════════════════════════════════════════════════════════╗

2020-09-16 16:28:08,146 INFO     ___FILE_ONLY___ ╠═ Installing: BigQuery Command Line Tool (Platform Spec... ═╣

2020-09-16 16:28:08,147 INFO     ___FILE_ONLY___ ╚
2020-09-16 16:28:08,253 INFO     ___FILE_ONLY___ ══════════════════════════════
2020-09-16 16:28:08,254 INFO     ___FILE_ONLY___ ══════════════════════════════
2020-09-16 16:28:08,255 INFO     ___FILE_ONLY___ ╝

2020-09-16 16:28:08,264 INFO     ___FILE_ONLY___ ╔════════════════════════════════════════════════════════════╗

2020-09-16 16:28:08,264 INFO     ___FILE_ONLY___ ╠═ Installing: Cloud SDK Core Libraries (Platform Specific) ═╣

2020-09-16 16:28:08,265 INFO     ___FILE_ONLY___ ╚
2020-09-16 16:28:08,302 INFO     ___FILE_ONLY___ ══════════════════════════════
2020-09-16 16:28:08,303 INFO     ___FILE_ONLY___ ═══════════════
2020-09-16 16:28:08,304 INFO     ___FILE_ONLY___ ═══════════════
2020-09-16 16:28:08,304 INFO     ___FILE_ONLY___ ╝

2020-09-16 16:28:08,314 INFO     ___FILE_ONLY___ ╔════════════════════════════════════════════════════════════╗

2020-09-16 16:28:08,314 INFO     ___FILE_ONLY___ ╠═ Installing: Cloud Storage Command Line Tool              ═╣

2020-09-16 16:28:08,314 INFO     ___FILE_ONLY___ ╚
2020-09-16 16:28:08,352 INFO     ___FILE_ONLY___ ═
2020-09-16 16:28:08,353 INFO     ___FILE_ONLY___ ═
2020-09-16 16:28:08,354 INFO     ___FILE_ONLY___ ═
2020-09-16 16:28:08,356 INFO     ___FILE_ONLY___ ═
2020-09-16 16:28:08,357 INFO     ___FILE_ONLY___ ═
2020-09-16 16:28:08,358 INFO     ___FILE_ONLY___ ═
2020-09-16 16:28:08,359 INFO     ___FILE_ONLY___ ═
2020-09-16 16:28:08,361 INFO     ___FILE_ONLY___ ═
2020-09-16 16:28:08,362 INFO     ___FILE_ONLY___ ═
2020-09-16 16:28:08,363 INFO     ___FILE_ONLY___ ═
2020-09-16 16:28:08,364 INFO     ___FILE_ONLY___ ═
2020-09-16 16:28:08,366 INFO     ___FILE_ONLY___ ═
2020-09-16 16:28:08,367 INFO     ___FILE_ONLY___ ═
2020-09-16 16:28:08,368 INFO     ___FILE_ONLY___ ═
2020-09-16 16:28:08,369 INFO     ___FILE_ONLY___ ═
2020-09-16 16:28:08,370 INFO     ___FILE_ONLY___ ═
2020-09-16 16:28:08,372 INFO     ___FILE_ONLY___ ═
2020-09-16 16:28:08,372 INFO     ___FILE_ONLY___ ═
2020-09-16 16:28:08,373 INFO     ___FILE_ONLY___ ═
2020-09-16 16:28:08,373 INFO     ___FILE_ONLY___ ═
2020-09-16 16:28:08,374 INFO     ___FILE_ONLY___ ═
2020-09-16 16:28:08,374 INFO     ___FILE_ONLY___ ═
2020-09-16 16:28:08,375 INFO     ___FILE_ONLY___ ═
2020-09-16 16:28:08,375 INFO     ___FILE_ONLY___ ═
2020-09-16 16:28:08,376 INFO     ___FILE_ONLY___ ═
2020-09-16 16:28:08,376 INFO     ___FILE_ONLY___ ═
2020-09-16 16:28:08,377 INFO     ___FILE_ONLY___ ═
2020-09-16 16:28:08,377 INFO     ___FILE_ONLY___ ═
2020-09-16 16:28:08,378 INFO     ___FILE_ONLY___ ═
2020-09-16 16:28:08,379 INFO     ___FILE_ONLY___ ═
2020-09-16 16:28:08,659 INFO     ___FILE_ONLY___ ═
2020-09-16 16:28:08,675 INFO     ___FILE_ONLY___ ═
2020-09-16 16:28:08,694 INFO     ___FILE_ONLY___ ═
2020-09-16 16:28:08,708 INFO     ___FILE_ONLY___ ═
2020-09-16 16:28:08,719 INFO     ___FILE_ONLY___ ═
2020-09-16 16:28:08,732 INFO     ___FILE_ONLY___ ═
2020-09-16 16:28:08,745 INFO     ___FILE_ONLY___ ═
2020-09-16 16:28:08,765 INFO     ___FILE_ONLY___ ═
2020-09-16 16:28:08,781 INFO     ___FILE_ONLY___ ═
2020-09-16 16:28:08,795 INFO     ___FILE_ONLY___ ═
2020-09-16 16:28:08,808 INFO     ___FILE_ONLY___ ═
2020-09-16 16:28:08,823 INFO     ___FILE_ONLY___ ═
2020-09-16 16:28:08,847 INFO     ___FILE_ONLY___ ═
2020-09-16 16:28:08,866 INFO     ___FILE_ONLY___ ═
2020-09-16 16:28:08,880 INFO     ___FILE_ONLY___ ═
2020-09-16 16:28:08,892 INFO     ___FILE_ONLY___ ═
2020-09-16 16:28:08,908 INFO     ___FILE_ONLY___ ═
2020-09-16 16:28:08,924 INFO     ___FILE_ONLY___ ═
2020-09-16 16:28:08,943 INFO     ___FILE_ONLY___ ═
2020-09-16 16:28:08,959 INFO     ___FILE_ONLY___ ═
2020-09-16 16:28:08,976 INFO     ___FILE_ONLY___ ═
2020-09-16 16:28:08,994 INFO     ___FILE_ONLY___ ═
2020-09-16 16:28:09,008 INFO     ___FILE_ONLY___ ═
2020-09-16 16:28:09,020 INFO     ___FILE_ONLY___ ═
2020-09-16 16:28:09,032 INFO     ___FILE_ONLY___ ═
2020-09-16 16:28:09,044 INFO     ___FILE_ONLY___ ═
2020-09-16 16:28:09,058 INFO     ___FILE_ONLY___ ═
2020-09-16 16:28:09,072 INFO     ___FILE_ONLY___ ═
2020-09-16 16:28:09,089 INFO     ___FILE_ONLY___ ═
2020-09-16 16:28:09,108 INFO     ___FILE_ONLY___ ═
2020-09-16 16:28:09,108 INFO     ___FILE_ONLY___ ╝

2020-09-16 16:28:09,166 INFO     ___FILE_ONLY___ ╔════════════════════════════════════════════════════════════╗

2020-09-16 16:28:09,166 INFO     ___FILE_ONLY___ ╠═ Installing: Cloud Storage Command Line Tool (Platform... ═╣

2020-09-16 16:28:09,166 INFO     ___FILE_ONLY___ ╚
2020-09-16 16:28:09,272 INFO     ___FILE_ONLY___ ══════════════════════════════
2020-09-16 16:28:09,274 INFO     ___FILE_ONLY___ ══════════════════════════════
2020-09-16 16:28:09,274 INFO     ___FILE_ONLY___ ╝

2020-09-16 16:28:09,283 INFO     ___FILE_ONLY___ ╔════════════════════════════════════════════════════════════╗

2020-09-16 16:28:09,284 INFO     ___FILE_ONLY___ ╠═ Installing: Default set of gcloud commands               ═╣

2020-09-16 16:28:09,284 INFO     ___FILE_ONLY___ ╚
2020-09-16 16:28:09,289 INFO     ___FILE_ONLY___ ════════════════════════════════════════════════════════════
2020-09-16 16:28:09,289 INFO     ___FILE_ONLY___ ╝

2020-09-16 16:28:09,293 INFO     ___FILE_ONLY___ ╔════════════════════════════════════════════════════════════╗

2020-09-16 16:28:09,294 INFO     ___FILE_ONLY___ ╠═ Installing: anthoscli                                    ═╣

2020-09-16 16:28:09,294 INFO     ___FILE_ONLY___ ╚
2020-09-16 16:28:09,346 INFO     ___FILE_ONLY___ ═
2020-09-16 16:28:09,354 INFO     ___FILE_ONLY___ ═
2020-09-16 16:28:09,360 INFO     ___FILE_ONLY___ ═
2020-09-16 16:28:09,366 INFO     ___FILE_ONLY___ ═
2020-09-16 16:28:09,373 INFO     ___FILE_ONLY___ ═
2020-09-16 16:28:09,379 INFO     ___FILE_ONLY___ ═
2020-09-16 16:28:09,385 INFO     ___FILE_ONLY___ ═
2020-09-16 16:28:09,391 INFO     ___FILE_ONLY___ ═
2020-09-16 16:28:09,398 INFO     ___FILE_ONLY___ ═
2020-09-16 16:28:09,404 INFO     ___FILE_ONLY___ ═
2020-09-16 16:28:09,410 INFO     ___FILE_ONLY___ ═
2020-09-16 16:28:09,417 INFO     ___FILE_ONLY___ ═
2020-09-16 16:28:09,423 INFO     ___FILE_ONLY___ ═
2020-09-16 16:28:09,429 INFO     ___FILE_ONLY___ ═
2020-09-16 16:28:09,436 INFO     ___FILE_ONLY___ ═
2020-09-16 16:28:09,442 INFO     ___FILE_ONLY___ ═
2020-09-16 16:28:09,448 INFO     ___FILE_ONLY___ ═
2020-09-16 16:28:09,454 INFO     ___FILE_ONLY___ ═
2020-09-16 16:28:09,461 INFO     ___FILE_ONLY___ ═
2020-09-16 16:28:09,467 INFO     ___FILE_ONLY___ ═
2020-09-16 16:28:09,473 INFO     ___FILE_ONLY___ ═
2020-09-16 16:28:09,480 INFO     ___FILE_ONLY___ ═
2020-09-16 16:28:09,486 INFO     ___FILE_ONLY___ ═
2020-09-16 16:28:09,492 INFO     ___FILE_ONLY___ ═
2020-09-16 16:28:09,498 INFO     ___FILE_ONLY___ ═
2020-09-16 16:28:09,505 INFO     ___FILE_ONLY___ ═
2020-09-16 16:28:09,511 INFO     ___FILE_ONLY___ ═
2020-09-16 16:28:09,517 INFO     ___FILE_ONLY___ ═
2020-09-16 16:28:09,523 INFO     ___FILE_ONLY___ ═
2020-09-16 16:28:09,531 INFO     ___FILE_ONLY___ ═
2020-09-16 16:28:11,512 INFO     ___FILE_ONLY___ ══════════
2020-09-16 16:28:11,517 INFO     ___FILE_ONLY___ ═════════
2020-09-16 16:28:11,539 INFO     ___FILE_ONLY___ ═══════════
2020-09-16 16:28:11,540 INFO     ___FILE_ONLY___ ╝

2020-09-16 16:28:11,558 INFO     ___FILE_ONLY___ ╔════════════════════════════════════════════════════════════╗

2020-09-16 16:28:11,558 INFO     ___FILE_ONLY___ ╠═ Installing: anthoscli                                    ═╣

2020-09-16 16:28:11,558 INFO     ___FILE_ONLY___ ╚
2020-09-16 16:28:11,564 INFO     ___FILE_ONLY___ ════════════════════════════════════════════════════════════
2020-09-16 16:28:11,564 INFO     ___FILE_ONLY___ ╝

2020-09-16 16:28:11,568 INFO     ___FILE_ONLY___ ╔════════════════════════════════════════════════════════════╗

2020-09-16 16:28:11,568 INFO     ___FILE_ONLY___ ╠═ Installing: gcloud cli dependencies                      ═╣

2020-09-16 16:28:11,568 INFO     ___FILE_ONLY___ ╚
2020-09-16 16:28:11,605 INFO     ___FILE_ONLY___ ══════════════════════════════
2020-09-16 16:28:11,606 INFO     ___FILE_ONLY___ ══════
2020-09-16 16:28:11,606 INFO     ___FILE_ONLY___ ══════
2020-09-16 16:28:11,606 INFO     ___FILE_ONLY___ ══════
2020-09-16 16:28:11,607 INFO     ___FILE_ONLY___ ══════
2020-09-16 16:28:11,607 INFO     ___FILE_ONLY___ ══════
2020-09-16 16:28:11,607 INFO     ___FILE_ONLY___ ╝

2020-09-16 16:28:11,616 INFO     ___FILE_ONLY___ ╔════════════════════════════════════════════════════════════╗

2020-09-16 16:28:11,617 INFO     ___FILE_ONLY___ ╠═ Creating backup and activating new installation          ═╣

2020-09-16 16:28:11,617 INFO     ___FILE_ONLY___ ╚
2020-09-16 16:28:11,617 DEBUG    root            Attempting to move directory [/tools/google-cloud-sdk] to [/tools/google-cloud-sdk.staging/.install/.backup]
2020-09-16 16:28:11,617 INFO     ___FILE_ONLY___ ══════════════════════════════
2020-09-16 16:28:11,617 DEBUG    root            Attempting to move directory [/tools/google-cloud-sdk.staging] to [/tools/google-cloud-sdk]
2020-09-16 16:28:11,618 INFO     ___FILE_ONLY___ ══════════════════════════════
2020-09-16 16:28:11,618 INFO     ___FILE_ONLY___ ╝

2020-09-16 16:28:11,622 DEBUG    root            Updating notification cache...
2020-09-16 16:28:11,622 INFO     ___FILE_ONLY___ 

2020-09-16 16:28:11,626 INFO     ___FILE_ONLY___ Performing post processing steps...
2020-09-16 16:28:11,627 DEBUG    root            Executing command: ['python3', '-S', '/tools/google-cloud-sdk/lib/gcloud.py', 'components', 'post-process']
2020-09-16 16:28:25,534 DEBUG    ___FILE_ONLY___ 
2020-09-16 16:28:25,534 DEBUG    ___FILE_ONLY___ 
2020-09-16 16:28:25,648 INFO     ___FILE_ONLY___ 
Update done!


2020-09-16 16:28:25,653 INFO     root            Display format: "none"
